Determining if the __i386 exist failed with the following output:
Change Dir: C:/Users/yurki/source/repos/mmo/build/CMakeFiles/CMakeTmp

Run Build Command(s):C:/Program Files (x86)/Microsoft Visual Studio/2019/Community/MSBuild/Current/Bin/MSBuild.exe cmTC_83f05.vcxproj /p:Configuration=Debug /p:Platform=x64 /p:VisualStudioVersion=16.0 /v:m && Microsoft (R) Build Engine версии 16.10.2+857e5a733 для .NET Framework
(C) Корпорация Майкрософт (Microsoft Corporation). Все права защищены.

  Оптимизирующий компилятор Microsoft (R) C/C++ версии 19.29.30038.1 для x64
  (C) Корпорация Майкрософт (Microsoft Corporation).  Все права защищены.
  cl /c /Zi /W1 /WX- /diagnostics:column /Od /Ob0 /D WIN32 /D _WINDOWS /D "CMAKE_INTDIR=\"Debug\"" /D _MBCS /Gm- /RTC1 /MDd /GS /fp:precise /Zc:wchar_t /Zc:forScope /Zc:inline /Fo"cmTC_83f05.dir\Debug\\" /Fd"cmTC_83f05.dir\Debug\vc142.pdb" /external:env:EXTERNAL_INCLUDE /external:W1 /Gd /TC /errorReport:queue C:\Users\yurki\source\repos\mmo\build\CMakeFiles\CMakeTmp\CheckSymbolExists.c
  CheckSymbolExists.c
C:\Users\yurki\source\repos\mmo\build\CMakeFiles\CMakeTmp\CheckSymbolExists.c(7,25): error C2065: __i386: необъявленный идентификатор [C:\Users\yurki\source\repos\mmo\build\CMakeFiles\CMakeTmp\cmTC_83f05.vcxproj]


File C:/Users/yurki/source/repos/mmo/build/CMakeFiles/CMakeTmp/CheckSymbolExists.c:
/* */

int main(int argc, char** argv)
{
  (void)argv;
#ifndef __i386
  return ((int*)(&__i386))[argc];
#else
  (void)argc;
  return 0;
#endif
}
Determining if the include file pthread.h exists failed with the following output:
Change Dir: C:/Users/yurki/source/repos/mmo/build/CMakeFiles/CMakeTmp

Run Build Command(s):C:/Program Files (x86)/Microsoft Visual Studio/2019/Community/MSBuild/Current/Bin/MSBuild.exe cmTC_159aa.vcxproj /p:Configuration=Debug /p:Platform=x64 /p:VisualStudioVersion=16.0 /v:m && Microsoft (R) Build Engine версии 16.10.2+857e5a733 для .NET Framework
(C) Корпорация Майкрософт (Microsoft Corporation). Все права защищены.

  Оптимизирующий компилятор Microsoft (R) C/C++ версии 19.29.30038.1 для x64
  (C) Корпорация Майкрософт (Microsoft Corporation).  Все права защищены.
  cl /c /Zi /W1 /WX- /diagnostics:column /Od /Ob0 /D WIN32 /D _WINDOWS /D "CMAKE_INTDIR=\"Debug\"" /D _MBCS /Gm- /RTC1 /MDd /GS /fp:precise /Zc:wchar_t /Zc:forScope /Zc:inline /Fo"cmTC_159aa.dir\Debug\\" /Fd"cmTC_159aa.dir\Debug\vc142.pdb" /external:env:EXTERNAL_INCLUDE /external:W1 /Gd /TC /errorReport:queue C:\Users\yurki\source\repos\mmo\build\CMakeFiles\CMakeTmp\CheckIncludeFile.c
  CheckIncludeFile.c
C:\Users\yurki\source\repos\mmo\build\CMakeFiles\CMakeTmp\CheckIncludeFile.c(1,10): fatal error C1083: Не удается открыть файл включение: pthread.h: No such file or directory, [C:\Users\yurki\source\repos\mmo\build\CMakeFiles\CMakeTmp\cmTC_159aa.vcxproj]



